<?xml version="1.0" encoding="UTF-8"?>
<!-- Generated by org.testng.reporters.JUnitReportReporter -->
<testsuite hostname="LAPTOP-R9JQ6VTF" failures="0" tests="1" name="com.testCase.TC_001_ValidLogin" time="10.616" errors="0" timestamp="2025-06-25T20:29:30 IST" skipped="0">
  <testcase classname="com.testCase.TC_001_ValidLogin" name="checkLogin" time="10.616"/>
</testsuite> <!-- com.testCase.TC_001_ValidLogin -->
